<?xml version="1.0" encoding="UTF-8"?>
<!-- Generated by org.testng.reporters.JUnitReportReporter -->
<testsuite hostname="LAPTOP-9K3LEA1H" failures="0" tests="13" name="testcases.Login_DataDriven" time="6.799" errors="0" timestamp="2024-07-08T21:22:27 IST" skipped="0">
  <testcase classname="testcases.Login_DataDriven" name="Tc_002" time="0.294"/>
  <testcase classname="testcases.Login_DataDriven" name="Tc_002" time="0.310"/>
  <testcase classname="testcases.Login_DataDriven" name="Tc_002" time="0.262"/>
  <testcase classname="testcases.Login_DataDriven" name="Tc_002" time="0.281"/>
  <testcase classname="testcases.Login_DataDriven" name="Tc_002" time="0.476"/>
  <testcase classname="testcases.Login_DataDriven" name="Tc_002" time="0.253"/>
  <testcase classname="testcases.Login_DataDriven" name="Tc_002" time="0.295"/>
  <testcase classname="testcases.Login_DataDriven" name="Tc_002" time="0.274"/>
  <testcase classname="testcases.Login_DataDriven" name="Tc_002" time="0.272"/>
  <testcase classname="testcases.Login_DataDriven" name="Tc_002" time="0.487"/>
  <testcase classname="testcases.Login_DataDriven" name="Tc_002" time="0.254"/>
  <testcase classname="testcases.Login_DataDriven" name="Tc_002" time="0.320"/>
  <testcase classname="testcases.Login_DataDriven" name="Tc_002" time="3.021"/>
</testsuite> <!-- testcases.Login_DataDriven -->
