<?xml version="1.0" encoding="UTF-8"?>
<!-- Generated by org.testng.reporters.JUnitReportReporter -->
<testsuite hostname="LAPTOP-9K3LEA1H" failures="0" tests="13" name="testcases.Login_DataDriven" time="6.403" errors="0" timestamp="2024-10-08T13:53:14 IST" skipped="0">
  <testcase classname="testcases.Login_DataDriven" name="Tc_002" time="0.272"/>
  <testcase classname="testcases.Login_DataDriven" name="Tc_002" time="0.464"/>
  <testcase classname="testcases.Login_DataDriven" name="Tc_002" time="0.525"/>
  <testcase classname="testcases.Login_DataDriven" name="Tc_002" time="0.346"/>
  <testcase classname="testcases.Login_DataDriven" name="Tc_002" time="0.324"/>
  <testcase classname="testcases.Login_DataDriven" name="Tc_002" time="0.300"/>
  <testcase classname="testcases.Login_DataDriven" name="Tc_002" time="0.296"/>
  <testcase classname="testcases.Login_DataDriven" name="Tc_002" time="2.128"/>
  <testcase classname="testcases.Login_DataDriven" name="Tc_002" time="0.301"/>
  <testcase classname="testcases.Login_DataDriven" name="Tc_002" time="0.280"/>
  <testcase classname="testcases.Login_DataDriven" name="Tc_002" time="0.370"/>
  <testcase classname="testcases.Login_DataDriven" name="Tc_002" time="0.272"/>
  <testcase classname="testcases.Login_DataDriven" name="Tc_002" time="0.525"/>
</testsuite> <!-- testcases.Login_DataDriven -->
