<?xml version="1.0" encoding="UTF-8"?>
<!-- Generated by org.testng.reporters.JUnitReportReporter -->
<testsuite hostname="LAPTOP-9K3LEA1H" failures="0" tests="1" name="testcases.Tc_002_Invalid_Login" time="0.451" errors="0" timestamp="2024-10-08T13:53:14 IST" skipped="0">
  <testcase classname="testcases.Tc_002_Invalid_Login" name="Tc_002" time="0.451"/>
</testsuite> <!-- testcases.Tc_002_Invalid_Login -->
