<?xml version="1.0" encoding="UTF-8"?>
<!-- Generated by org.testng.reporters.JUnitReportReporter -->
<testsuite hostname="LAPTOP-9K3LEA1H" failures="0" tests="1" name="testcases.Tc_002_Invalid_Login" time="0.407" errors="0" timestamp="2024-07-08T21:22:27 IST" skipped="0">
  <testcase classname="testcases.Tc_002_Invalid_Login" name="Tc_002" time="0.407"/>
</testsuite> <!-- testcases.Tc_002_Invalid_Login -->
