<?xml version="1.0" encoding="UTF-8"?>
<!-- Generated by org.testng.reporters.JUnitReportReporter -->
<testsuite hostname="LAPTOP-9K3LEA1H" failures="0" tests="1" name="testcases.Tc__001validLogin" time="5.118" errors="0" timestamp="2024-07-08T21:22:27 IST" skipped="0">
  <testcase classname="testcases.Tc__001validLogin" name="Tc_001" time="5.118"/>
</testsuite> <!-- testcases.Tc__001validLogin -->
